<?xml version="1.0" encoding="UTF-8"?>
<Site BuildName="(empty)"
	BuildStamp="20250217-0944-Experimental"
	Name="(empty)"
	Generator="ctest-3.31.5"
	CompilerName=""
	CompilerVersion=""
	OSName="Windows"
	Hostname="KPC"
	OSRelease=" Professional"
	OSVersion=" (Build 22631)"
	OSPlatform="AMD64"
	Is64Bits="1"
	VendorString="AuthenticAMD"
	VendorID="Advanced Micro Devices"
	FamilyID="15"
	ModelID="1"
	ModelName="AMD Ryzen 7 5700X 8-Core Processor             "
	ProcessorCacheSize="64"
	NumberOfLogicalCPU="16"
	NumberOfPhysicalCPU="8"
	TotalVirtualMemory="36135"
	TotalPhysicalMemory="32679"
	LogicalProcessorsPerPhysical="2"
	ProcessorClockFrequency="3393"
	>
	<Testing>
		<StartDateTime>Feb 17 11:47 FLE Standard Time</StartDateTime>
		<StartTestTime>1739785656</StartTestTime>
		<TestList>
			<Test>./tests/CalculatorTests</Test>
		</TestList>
		<Test Status="passed">
			<Name>CalculatorTests</Name>
			<Path>./tests</Path>
			<FullName>./tests/CalculatorTests</FullName>
			<FullCommandLine>C:\Users\karol\Documents\GitHub\ArchitekturaProject\Calculator\build\tests\Debug\test_calculator.exe</FullCommandLine>
			<Results>
				<NamedMeasurement type="numeric/double" name="Execution Time">
					<Value>0.0080152</Value>
				</NamedMeasurement>
				<NamedMeasurement type="numeric/double" name="Processors">
					<Value>1</Value>
				</NamedMeasurement>
				<NamedMeasurement type="text/string" name="Completion Status">
					<Value>Completed</Value>
				</NamedMeasurement>
				<NamedMeasurement type="text/string" name="Command Line">
					<Value>C:\Users\karol\Documents\GitHub\ArchitekturaProject\Calculator\build\tests\Debug\test_calculator.exe</Value>
				</NamedMeasurement>
				<NamedMeasurement type="text/string" name="Environment">
					<Value>#CTEST_RESOURCE_GROUP_COUNT=</Value>
				</NamedMeasurement>
				<Measurement>
					<Value encoding="base64" compression="gzip">eJyNkEFvwjAMhe/9FT7SQ6vtOmmHDiYmIW2ojFNToTTJSkYaI8fZ/v5aihggTeOd7PhT3rPL6L31LXTS+kkKH4QdTB/EOhgKYicJnZihip3xHMTc8ktsREFqa9nsOJJcEn4axWIqnYpOMpJoonVabLTZB9Eits6wCZwFUmetOLRDtRmsc6WS6vGkGspjrnsYmDHXsQ6xN8+TKjuphrnDRrpxbvyXJfRDZAiGs7i/gs///M393r8lFZTrVziovprlTzJYVWht2aLvyVFvi39ImNxBF9JbI4w4MLJ0aXLblmwkZRq//eUN/7odkPT5pU+/zbJYrZ5nw94jmyc/YeiyTg==</Value>
				</Measurement>
			</Results>
		</Test>
		<EndDateTime>Feb 17 11:47 FLE Standard Time</EndDateTime>
		<EndTestTime>1739785656</EndTestTime>
		<ElapsedMinutes>0</ElapsedMinutes>
	</Testing>
</Site>
