Start testing: Feb 17 11:47 FLE Standard Time
----------------------------------------------------------
1/1 Testing: CalculatorTests
1/1 Test: CalculatorTests
Command: "C:/Users/karol/Documents/GitHub/ArchitekturaProject/Calculator/build/tests/Debug/test_calculator.exe"
Directory: C:/Users/karol/Documents/GitHub/ArchitekturaProject/Calculator/build/tests
"CalculatorTests" start time: Feb 17 11:47 FLE Standard Time
Output:
----------------------------------------------------------
Running main() from C:\Users\karol\Documents\GitHub\ArchitekturaProject\Calculator\build\_deps\googletest-src\googletest\src\gtest_main.cc
[==========] Running 1 test from 1 test suite.
[----------] Global test environment set-up.
[----------] 1 test from CalculatorTest
[ RUN      ] CalculatorTest.BasicAddition
[       OK ] CalculatorTest.BasicAddition (0 ms)
[----------] 1 test from CalculatorTest (0 ms total)

[----------] Global test environment tear-down
[==========] 1 test from 1 test suite ran. (0 ms total)
[  PASSED  ] 1 test.
<end of output>
Test time =   0.01 sec
----------------------------------------------------------
Test Passed.
"CalculatorTests" end time: Feb 17 11:47 FLE Standard Time
"CalculatorTests" time elapsed: 00:00:00
----------------------------------------------------------

End testing: Feb 17 11:47 FLE Standard Time
